2025-08-29 03:35:16.810 [warning] Dir "/home/saniyajackson35/.pixi/envs" is not watchable (directory does not exist)
2025-08-29 03:35:16.811 [info] Starting Environment refresh
2025-08-29 03:35:16.811 [info] Searching for interpreters in posix paths locator
2025-08-29 03:35:16.811 [info] Searching for pyenv environments
2025-08-29 03:35:16.811 [info] Searching for conda environments
2025-08-29 03:35:16.811 [info] Searching for global virtual environments
2025-08-29 03:35:16.811 [info] Searching for custom virtual environments
2025-08-29 03:35:16.811 [info] pyenv is not installed
2025-08-29 03:35:16.811 [info] Finished searching for pyenv environments: 43 milliseconds
2025-08-29 03:35:16.811 [info] Finished searching for custom virtual envs: 41 milliseconds
2025-08-29 03:35:16.811 [info] > conda info --json
2025-08-29 03:35:16.811 [info] > hatch env show --json
2025-08-29 03:35:16.811 [info] cwd: .
2025-08-29 03:35:16.811 [info] > pyenv which python
2025-08-29 03:35:16.811 [info] cwd: .
2025-08-29 03:35:16.811 [info] Finished searching for global virtual envs: 167 milliseconds
2025-08-29 03:35:16.924 [info] Found: /bin/python --> /bin/python3.12
2025-08-29 03:35:17.015 [info] Found: /bin/python3 --> /bin/python3.12
2025-08-29 03:35:17.033 [info] Found: /bin/python3.12 --> /bin/python3.12
2025-08-29 03:35:17.259 [info] Found: /usr/bin/python --> /usr/bin/python3.12
2025-08-29 03:35:17.301 [info] Found: /usr/bin/python3 --> /usr/bin/python3.12
2025-08-29 03:35:17.351 [info] Found: /usr/bin/python3.12 --> /usr/bin/python3.12
2025-08-29 03:35:17.906 [info] Finished searching for interpreters in posix paths locator: 1269 milliseconds
2025-08-29 03:35:17.906 [info] > /bin/python -I /google/devshell/editor/code-oss-for-cloud-shell/extensions/ms-python.python/python_files/get_output_via_markers.py /google/devshell/editor/code-oss-for-cloud-shell/extensions/ms-python.python/python_files/interpreterInfo.py
2025-08-29 03:35:18.147 [info] > /usr/bin/python -I /google/devshell/editor/code-oss-for-cloud-shell/extensions/ms-python.python/python_files/get_output_via_markers.py /google/devshell/editor/code-oss-for-cloud-shell/extensions/ms-python.python/python_files/interpreterInfo.py
2025-08-29 03:35:18.147 [info] Environments refresh paths discovered (event): 1558 milliseconds
2025-08-29 03:35:18.147 [info] Environments refresh paths discovered: 1559 milliseconds
2025-08-29 03:35:18.480 [info] Environments refresh finished (event): 1889 milliseconds
2025-08-29 03:35:18.555 [info] Environment refresh took 1962 milliseconds
2025-08-29 03:35:18.629 [info] Python interpreter path: /bin/python
2025-08-29 03:35:29.313 [info] Starting Jedi language server for saniyajackson35.
2025-08-29 03:35:29.740 [info] CreateEnv Trigger - Skipping for /home/saniyajackson35/producer.py
2025-08-29 03:35:30.313 [info] Send text to terminal: /bin/python /home/saniyajackson35/producer.py
